  Auto.cpp
C:\Users\JunHuiLim\Desktop\C Workspace\CPP_Study_Final\CPP_Study_Final\Auto.cpp(46,14): error C2373: 'test1': 재정의. 형식 한정자가 다릅니다.
C:\Users\JunHuiLim\Desktop\C Workspace\CPP_Study_Final\CPP_Study_Final\Auto.cpp(42,7): message : 'test1' 선언을 참조하십시오.
C:\Users\JunHuiLim\Desktop\C Workspace\CPP_Study_Final\CPP_Study_Final\Auto.cpp(47,8): error C2040: 'test2': 'auto *'의 간접 참조 수준이 'int'과(와) 다릅니다.
  Curly Brace Initialization.cpp
C:\Users\JunHuiLim\Desktop\C Workspace\CPP_Study_Final\CPP_Study_Final\Curly Brace Initialization.cpp(56,14): error C2374: 'v3': 재정의. 여러 번 초기화했습니다.
C:\Users\JunHuiLim\Desktop\C Workspace\CPP_Study_Final\CPP_Study_Final\Curly Brace Initialization.cpp(52,14): message : 'v3' 선언을 참조하십시오.
C:\Users\JunHuiLim\Desktop\C Workspace\CPP_Study_Final\CPP_Study_Final\Curly Brace Initialization.cpp(60,10): error C2397: 'int'에서 'double'(으)로의 변환에는 축소 변환이 필요합니다.
  Delete.cpp
C:\Users\JunHuiLim\Desktop\C Workspace\CPP_Study_Final\CPP_Study_Final\Delete.cpp(35,6): error C2280: 'void Knight::operator =(const Knight &)': 삭제된 함수를 참조하려고 합니다.
C:\Users\JunHuiLim\Desktop\C Workspace\CPP_Study_Final\CPP_Study_Final\Delete.cpp(18,7): message : 'Knight::operator =' 선언을 참조하십시오.
C:\Users\JunHuiLim\Desktop\C Workspace\CPP_Study_Final\CPP_Study_Final\Delete.cpp(18,7): message : 'void Knight::operator =(const Knight &)': 함수가 명시적으로 삭제되었습니다.
  EnumClass.cpp
  Lambda.cpp
  NullPtr.cpp
  Override_Final.cpp
  Rvalue Reference.cpp
  Smart_Pointer.cpp
  Using.cpp
  코드를 생성하고 있습니다...
